2023-01-11 15:05:25,575 p=20530 u=hongqizhang n=ansible | [WARNING]: Could not match supplied host pattern, ignoring: remoteservers

2023-01-11 15:05:25,578 p=20530 u=hongqizhang n=ansible | PLAY [Shell Examples] *****************************************************************************************************************
2023-01-11 15:05:25,578 p=20530 u=hongqizhang n=ansible | skipping: no hosts matched
2023-01-11 15:05:25,578 p=20530 u=hongqizhang n=ansible | PLAY RECAP ****************************************************************************************************************************
2023-01-11 15:06:21,773 p=20559 u=hongqizhang n=ansible | [WARNING]: Could not match supplied host pattern, ignoring: remoteservers

2023-01-11 15:06:21,775 p=20559 u=hongqizhang n=ansible | PLAY [Shell Examples] *****************************************************************************************************************
2023-01-11 15:06:21,775 p=20559 u=hongqizhang n=ansible | skipping: no hosts matched
2023-01-11 15:06:21,775 p=20559 u=hongqizhang n=ansible | PLAY RECAP ****************************************************************************************************************************
2023-01-11 15:07:24,741 p=20586 u=hongqizhang n=ansible | PLAY [Shell Examples] *****************************************************************************************************************
2023-01-11 15:07:24,762 p=20586 u=hongqizhang n=ansible | TASK [Gathering Facts] ****************************************************************************************************************
2023-01-11 15:07:28,441 p=20586 u=hongqizhang n=ansible | ok: [192.168.2.38]
2023-01-11 15:07:28,486 p=20586 u=hongqizhang n=ansible | TASK [Execute the ls commmand] ********************************************************************************************************
2023-01-11 15:07:35,316 p=20586 u=hongqizhang n=ansible | changed: [192.168.2.38]
2023-01-11 15:07:35,331 p=20586 u=hongqizhang n=ansible | TASK [debug] **************************************************************************************************************************
2023-01-11 15:07:35,410 p=20586 u=hongqizhang n=ansible | ok: [192.168.2.38] => {
    "listfile.stdout_lines": [
        "total 0",
        "drwxrwxrwt.  9 root root 227 Jan 11 14:45 .",
        "dr-xr-xr-x. 17 root root 224 Sep 18  2021 ..",
        "drwx------.  2 root root  56 Jan 11 14:45 ansible_ansible.legacy.command_payload_51u9iq_e",
        "drwxrwxrwt.  2 root root   6 Jan  2 16:09 .font-unix",
        "drwxrwxrwt.  2 root root   6 Jan  2 16:09 .ICE-unix",
        "drwx------.  3 root root  17 Jan 11 11:32 systemd-private-5c971626e0564f378f75911ab93b064c-chronyd.service-hryBEf",
        "drwxrwxrwt.  2 root root   6 Jan  2 16:09 .Test-unix",
        "drwxrwxrwt.  2 root root   6 Jan  2 16:09 .X11-unix",
        "drwxrwxrwt.  2 root root   6 Jan  2 16:09 .XIM-unix"
    ]
}
2023-01-11 15:07:35,471 p=20586 u=hongqizhang n=ansible | PLAY RECAP ****************************************************************************************************************************
2023-01-11 15:07:35,471 p=20586 u=hongqizhang n=ansible | 192.168.2.38               : ok=3    changed=1    unreachable=0    failed=0    skipped=0    rescued=0    ignored=0   
2023-01-11 15:17:27,700 p=20874 u=hongqizhang n=ansible | [WARNING]: Could not match supplied host pattern, ignoring: remoteservers

2023-01-11 15:17:27,702 p=20874 u=hongqizhang n=ansible | PLAY [Shell Examples] *****************************************************************************************************************
2023-01-11 15:17:27,702 p=20874 u=hongqizhang n=ansible | skipping: no hosts matched
2023-01-11 15:17:27,703 p=20874 u=hongqizhang n=ansible | PLAY RECAP ****************************************************************************************************************************
2023-01-11 15:38:41,234 p=21364 u=hongqizhang n=ansible | PLAY [Shell Examples] *****************************************************************************************************************
2023-01-11 15:38:41,264 p=21364 u=hongqizhang n=ansible | TASK [Gathering Facts] ****************************************************************************************************************
2023-01-11 15:38:47,061 p=21364 u=hongqizhang n=ansible | ok: [192.168.2.38]
2023-01-11 15:38:47,104 p=21364 u=hongqizhang n=ansible | TASK [Execute the ls commmand] ********************************************************************************************************
2023-01-11 15:38:48,285 p=21364 u=hongqizhang n=ansible | changed: [192.168.2.38]
2023-01-11 15:38:48,301 p=21364 u=hongqizhang n=ansible | TASK [debug] **************************************************************************************************************************
2023-01-11 15:38:48,354 p=21364 u=hongqizhang n=ansible | ok: [192.168.2.38] => {
    "listfile.stdout_lines": [
        "total 0",
        "drwxrwxrwt.  9 root root 227 Jan 11 15:19 .",
        "dr-xr-xr-x. 17 root root 224 Sep 18  2021 ..",
        "drwx------.  2 root root  56 Jan 11 15:19 ansible_ansible.legacy.command_payload_5eqxtxio",
        "drwxrwxrwt.  2 root root   6 Jan  2 16:09 .font-unix",
        "drwxrwxrwt.  2 root root   6 Jan  2 16:09 .ICE-unix",
        "drwx------.  3 root root  17 Jan 11 11:32 systemd-private-5c971626e0564f378f75911ab93b064c-chronyd.service-hryBEf",
        "drwxrwxrwt.  2 root root   6 Jan  2 16:09 .Test-unix",
        "drwxrwxrwt.  2 root root   6 Jan  2 16:09 .X11-unix",
        "drwxrwxrwt.  2 root root   6 Jan  2 16:09 .XIM-unix"
    ]
}
2023-01-11 15:38:48,404 p=21364 u=hongqizhang n=ansible | PLAY RECAP ****************************************************************************************************************************
2023-01-11 15:38:48,404 p=21364 u=hongqizhang n=ansible | 192.168.2.38               : ok=3    changed=1    unreachable=0    failed=0    skipped=0    rescued=0    ignored=0   
2023-01-11 15:47:42,730 p=21598 u=hongqizhang n=ansible | PLAY [Shell Examples] *****************************************************************************************************************
2023-01-11 15:47:42,759 p=21598 u=hongqizhang n=ansible | TASK [Gathering Facts] ****************************************************************************************************************
2023-01-11 15:47:59,063 p=21598 u=hongqizhang n=ansible | ok: [192.168.2.38]
2023-01-11 15:47:59,115 p=21598 u=hongqizhang n=ansible | TASK [Execute the ls commmand] ********************************************************************************************************
2023-01-11 15:48:00,180 p=21598 u=hongqizhang n=ansible | changed: [192.168.2.38]
2023-01-11 15:48:00,192 p=21598 u=hongqizhang n=ansible | TASK [debug] **************************************************************************************************************************
2023-01-11 15:48:00,254 p=21598 u=hongqizhang n=ansible | ok: [192.168.2.38] => {
    "listfile.stdout_lines": [
        "total 0",
        "drwxrwxrwt.  9 root root 227 Jan 11 15:28 .",
        "dr-xr-xr-x. 17 root root 224 Sep 18  2021 ..",
        "drwx------.  2 root root  56 Jan 11 15:28 ansible_ansible.legacy.command_payload_xmgjx1_k",
        "drwxrwxrwt.  2 root root   6 Jan  2 16:09 .font-unix",
        "drwxrwxrwt.  2 root root   6 Jan  2 16:09 .ICE-unix",
        "drwx------.  3 root root  17 Jan 11 11:32 systemd-private-5c971626e0564f378f75911ab93b064c-chronyd.service-hryBEf",
        "drwxrwxrwt.  2 root root   6 Jan  2 16:09 .Test-unix",
        "drwxrwxrwt.  2 root root   6 Jan  2 16:09 .X11-unix",
        "drwxrwxrwt.  2 root root   6 Jan  2 16:09 .XIM-unix"
    ]
}
2023-01-11 15:48:00,273 p=21598 u=hongqizhang n=ansible | TASK [Transfer the script] ************************************************************************************************************
2023-01-11 15:48:03,236 p=21598 u=hongqizhang n=ansible | changed: [192.168.2.38]
2023-01-11 15:48:03,253 p=21598 u=hongqizhang n=ansible | TASK [Execute the script] *************************************************************************************************************
2023-01-11 15:48:20,733 p=21598 u=hongqizhang n=ansible | fatal: [192.168.2.38 -> localhost]: FAILED! => {"changed": true, "cmd": ["sudo", "sh", "/root/mybash.sh"], "delta": "0:00:17.040889", "end": "2023-01-11 15:48:20.682023", "msg": "non-zero return code", "rc": 127, "start": "2023-01-11 15:48:03.641134", "stderr": "sh: /root/mybash.sh: No such file or directory", "stderr_lines": ["sh: /root/mybash.sh: No such file or directory"], "stdout": "", "stdout_lines": []}
2023-01-11 15:48:20,735 p=21598 u=hongqizhang n=ansible | PLAY RECAP ****************************************************************************************************************************
2023-01-11 15:48:20,735 p=21598 u=hongqizhang n=ansible | 192.168.2.38               : ok=4    changed=2    unreachable=0    failed=1    skipped=0    rescued=0    ignored=0   
2023-01-11 15:49:55,597 p=21710 u=hongqizhang n=ansible | PLAY [Shell Examples] *****************************************************************************************************************
2023-01-11 15:49:55,620 p=21710 u=hongqizhang n=ansible | TASK [Gathering Facts] ****************************************************************************************************************
2023-01-11 15:49:59,518 p=21710 u=hongqizhang n=ansible |  [ERROR]: User interrupted execution

2023-01-11 15:52:15,325 p=21784 u=hongqizhang n=ansible | PLAY [Shell Examples] *****************************************************************************************************************
2023-01-11 15:52:15,356 p=21784 u=hongqizhang n=ansible | TASK [Gathering Facts] ****************************************************************************************************************
2023-01-11 15:52:38,126 p=21784 u=hongqizhang n=ansible | ok: [192.168.2.38]
2023-01-11 15:52:38,238 p=21784 u=hongqizhang n=ansible | TASK [Execute the ls commmand] ********************************************************************************************************
2023-01-11 15:52:39,492 p=21784 u=hongqizhang n=ansible | changed: [192.168.2.38]
2023-01-11 15:52:39,510 p=21784 u=hongqizhang n=ansible | TASK [debug] **************************************************************************************************************************
2023-01-11 15:52:39,565 p=21784 u=hongqizhang n=ansible | ok: [192.168.2.38] => {
    "listfile.stdout_lines": [
        "total 0",
        "drwxrwxrwt. 10 root root 242 Jan 11 15:34 .",
        "dr-xr-xr-x. 17 root root 224 Sep 18  2021 ..",
        "drwx------.  2 root root  56 Jan 11 15:34 ansible_ansible.legacy.command_payload_1p1_d29g",
        "drwxrwxrwt.  2 root root   6 Jan  2 16:09 .font-unix",
        "drwxrwxrwt.  2 root root   6 Jan  2 16:09 .ICE-unix",
        "drwxr-xr-x.  2 root root   6 Jan 11 15:30 runbash",
        "drwx------.  3 root root  17 Jan 11 11:32 systemd-private-5c971626e0564f378f75911ab93b064c-chronyd.service-hryBEf",
        "drwxrwxrwt.  2 root root   6 Jan  2 16:09 .Test-unix",
        "drwxrwxrwt.  2 root root   6 Jan  2 16:09 .X11-unix",
        "drwxrwxrwt.  2 root root   6 Jan  2 16:09 .XIM-unix"
    ]
}
2023-01-11 15:52:39,580 p=21784 u=hongqizhang n=ansible | TASK [Transfer the script] ************************************************************************************************************
2023-01-11 15:52:41,685 p=21784 u=hongqizhang n=ansible | changed: [192.168.2.38]
2023-01-11 15:52:41,697 p=21784 u=hongqizhang n=ansible | TASK [debug] **************************************************************************************************************************
2023-01-11 15:52:41,749 p=21784 u=hongqizhang n=ansible | ok: [192.168.2.38] => {
    "copyscript.stdout_lines": "VARIABLE IS NOT DEFINED!"
}
2023-01-11 15:52:41,764 p=21784 u=hongqizhang n=ansible | TASK [Execute the script] *************************************************************************************************************
2023-01-11 15:52:42,413 p=21784 u=hongqizhang n=ansible | fatal: [192.168.2.38 -> localhost]: FAILED! => {"changed": true, "cmd": ["sudo", "sh", "/root/mybash.sh"], "delta": "0:00:00.047058", "end": "2023-01-11 15:52:42.344605", "msg": "non-zero return code", "rc": 127, "start": "2023-01-11 15:52:42.297547", "stderr": "sh: /root/mybash.sh: No such file or directory", "stderr_lines": ["sh: /root/mybash.sh: No such file or directory"], "stdout": "", "stdout_lines": []}
2023-01-11 15:52:42,416 p=21784 u=hongqizhang n=ansible | PLAY RECAP ****************************************************************************************************************************
2023-01-11 15:52:42,416 p=21784 u=hongqizhang n=ansible | 192.168.2.38               : ok=5    changed=2    unreachable=0    failed=1    skipped=0    rescued=0    ignored=0   
2023-01-11 15:56:40,429 p=21956 u=hongqizhang n=ansible | ERROR! 'sudo' is not a valid attribute for a Play

The error appears to be in '/Users/hongqizhang/workspace/ansibletest/ansible/runscript.yml': line 2, column 3, but may
be elsewhere in the file depending on the exact syntax problem.

The offending line appears to be:

---
- name: Transfer and execute a script.
  ^ here

2023-01-11 15:58:31,269 p=22000 u=hongqizhang n=ansible | PLAY [Shell Examples] *****************************************************************************************************************
2023-01-11 15:58:31,291 p=22000 u=hongqizhang n=ansible | TASK [Gathering Facts] ****************************************************************************************************************
2023-01-11 15:58:34,969 p=22000 u=hongqizhang n=ansible | ok: [192.168.2.38]
2023-01-11 15:58:35,010 p=22000 u=hongqizhang n=ansible | TASK [Execute the ls commmand] ********************************************************************************************************
2023-01-11 15:58:36,138 p=22000 u=hongqizhang n=ansible | changed: [192.168.2.38]
2023-01-11 15:58:36,154 p=22000 u=hongqizhang n=ansible | TASK [debug] **************************************************************************************************************************
2023-01-11 15:58:36,212 p=22000 u=hongqizhang n=ansible | ok: [192.168.2.38] => {
    "listfile.stdout_lines": [
        "total 4",
        "drwxrwxrwt. 10 root root 256 Jan 11 15:40 .",
        "dr-xr-xr-x. 17 root root 224 Sep 18  2021 ..",
        "drwx------.  2 root root  56 Jan 11 15:40 ansible_ansible.legacy.command_payload_rxjtyk4w",
        "drwxrwxrwt.  2 root root   6 Jan  2 16:09 .font-unix",
        "drwxrwxrwt.  2 root root   6 Jan  2 16:09 .ICE-unix",
        "-rwxrwxrwx.  1 root root  12 Jan 11 15:34 mybash",
        "drwxr-xr-x.  2 root root   6 Jan 11 15:30 runbash",
        "drwx------.  3 root root  17 Jan 11 11:32 systemd-private-5c971626e0564f378f75911ab93b064c-chronyd.service-hryBEf",
        "drwxrwxrwt.  2 root root   6 Jan  2 16:09 .Test-unix",
        "drwxrwxrwt.  2 root root   6 Jan  2 16:09 .X11-unix",
        "drwxrwxrwt.  2 root root   6 Jan  2 16:09 .XIM-unix"
    ]
}
2023-01-11 15:58:36,226 p=22000 u=hongqizhang n=ansible | TASK [Transfer the script] ************************************************************************************************************
2023-01-11 15:58:38,181 p=22000 u=hongqizhang n=ansible | ok: [192.168.2.38]
2023-01-11 15:58:38,205 p=22000 u=hongqizhang n=ansible | TASK [Execute the script] *************************************************************************************************************
2023-01-11 15:58:43,930 p=22000 u=hongqizhang n=ansible |  [ERROR]: User interrupted execution

2023-01-11 15:59:21,018 p=22072 u=hongqizhang n=ansible | PLAY [Shell Examples] *****************************************************************************************************************
2023-01-11 15:59:21,057 p=22072 u=hongqizhang n=ansible | TASK [Gathering Facts] ****************************************************************************************************************
2023-01-11 15:59:23,166 p=22072 u=hongqizhang n=ansible | ok: [192.168.2.38]
2023-01-11 15:59:23,214 p=22072 u=hongqizhang n=ansible | TASK [Execute the ls commmand] ********************************************************************************************************
2023-01-11 15:59:24,641 p=22072 u=hongqizhang n=ansible | changed: [192.168.2.38]
2023-01-11 15:59:24,657 p=22072 u=hongqizhang n=ansible | TASK [debug] **************************************************************************************************************************
2023-01-11 15:59:24,740 p=22072 u=hongqizhang n=ansible | ok: [192.168.2.38] => {
    "listfile.stdout_lines": [
        "total 4",
        "drwxrwxrwt. 10 root root 256 Jan 11 15:41 .",
        "dr-xr-xr-x. 17 root root 224 Sep 18  2021 ..",
        "drwx------.  2 root root  56 Jan 11 15:41 ansible_ansible.legacy.command_payload_y4xf8133",
        "drwxrwxrwt.  2 root root   6 Jan  2 16:09 .font-unix",
        "drwxrwxrwt.  2 root root   6 Jan  2 16:09 .ICE-unix",
        "-rwxrwxrwx.  1 root root  12 Jan 11 15:34 mybash",
        "drwxr-xr-x.  2 root root   6 Jan 11 15:30 runbash",
        "drwx------.  3 root root  17 Jan 11 11:32 systemd-private-5c971626e0564f378f75911ab93b064c-chronyd.service-hryBEf",
        "drwxrwxrwt.  2 root root   6 Jan  2 16:09 .Test-unix",
        "drwxrwxrwt.  2 root root   6 Jan  2 16:09 .X11-unix",
        "drwxrwxrwt.  2 root root   6 Jan  2 16:09 .XIM-unix"
    ]
}
2023-01-11 15:59:24,753 p=22072 u=hongqizhang n=ansible | TASK [Transfer the script] ************************************************************************************************************
2023-01-11 15:59:26,708 p=22072 u=hongqizhang n=ansible | ok: [192.168.2.38]
2023-01-11 15:59:26,747 p=22072 u=hongqizhang n=ansible | TASK [Execute the script] *************************************************************************************************************
2023-01-11 15:59:27,235 p=22072 u=hongqizhang n=ansible | fatal: [192.168.2.38 -> localhost]: FAILED! => {"changed": true, "cmd": ["sh", "/tmp/mybash/test.sh"], "delta": "0:00:00.010690", "end": "2023-01-11 15:59:27.188621", "msg": "non-zero return code", "rc": 127, "start": "2023-01-11 15:59:27.177931", "stderr": "sh: /tmp/mybash/test.sh: No such file or directory", "stderr_lines": ["sh: /tmp/mybash/test.sh: No such file or directory"], "stdout": "", "stdout_lines": []}
2023-01-11 15:59:27,237 p=22072 u=hongqizhang n=ansible | PLAY RECAP ****************************************************************************************************************************
2023-01-11 15:59:27,237 p=22072 u=hongqizhang n=ansible | 192.168.2.38               : ok=4    changed=1    unreachable=0    failed=1    skipped=0    rescued=0    ignored=0   
2023-01-11 16:03:53,331 p=22245 u=hongqizhang n=ansible | PLAY [Shell Examples] *****************************************************************************************************************
2023-01-11 16:03:53,375 p=22245 u=hongqizhang n=ansible | TASK [Gathering Facts] ****************************************************************************************************************
2023-01-11 16:03:57,255 p=22245 u=hongqizhang n=ansible | ok: [192.168.2.38]
2023-01-11 16:03:57,290 p=22245 u=hongqizhang n=ansible | TASK [Execute the ls commmand] ********************************************************************************************************
2023-01-11 16:04:00,125 p=22245 u=hongqizhang n=ansible | changed: [192.168.2.38]
2023-01-11 16:04:00,145 p=22245 u=hongqizhang n=ansible | TASK [debug] **************************************************************************************************************************
2023-01-11 16:04:00,194 p=22245 u=hongqizhang n=ansible | ok: [192.168.2.38] => {
    "listfile.stdout_lines": [
        "total 4",
        "drwxrwxrwt. 10 root root 256 Jan 11 15:46 .",
        "dr-xr-xr-x. 17 root root 224 Sep 18  2021 ..",
        "drwx------.  2 root root  56 Jan 11 15:46 ansible_ansible.legacy.command_payload_g8jnllg7",
        "drwxrwxrwt.  2 root root   6 Jan  2 16:09 .font-unix",
        "drwxrwxrwt.  2 root root   6 Jan  2 16:09 .ICE-unix",
        "-rwxrwxrwx.  1 root root  12 Jan 11 15:34 mybash",
        "drwxr-xr-x.  2 root root   6 Jan 11 15:30 runbash",
        "drwx------.  3 root root  17 Jan 11 11:32 systemd-private-5c971626e0564f378f75911ab93b064c-chronyd.service-hryBEf",
        "drwxrwxrwt.  2 root root   6 Jan  2 16:09 .Test-unix",
        "drwxrwxrwt.  2 root root   6 Jan  2 16:09 .X11-unix",
        "drwxrwxrwt.  2 root root   6 Jan  2 16:09 .XIM-unix"
    ]
}
2023-01-11 16:04:00,211 p=22245 u=hongqizhang n=ansible | TASK [Transfer the script] ************************************************************************************************************
2023-01-11 16:04:04,807 p=22245 u=hongqizhang n=ansible | changed: [192.168.2.38]
2023-01-11 16:04:04,825 p=22245 u=hongqizhang n=ansible | TASK [Execute the script] *************************************************************************************************************
2023-01-11 16:04:05,262 p=22245 u=hongqizhang n=ansible | fatal: [192.168.2.38 -> localhost]: FAILED! => {"changed": true, "cmd": ["sh", "/root/test.sh"], "delta": "0:00:00.012053", "end": "2023-01-11 16:04:05.209066", "msg": "non-zero return code", "rc": 127, "start": "2023-01-11 16:04:05.197013", "stderr": "sh: /root/test.sh: No such file or directory", "stderr_lines": ["sh: /root/test.sh: No such file or directory"], "stdout": "", "stdout_lines": []}
2023-01-11 16:04:05,264 p=22245 u=hongqizhang n=ansible | PLAY RECAP ****************************************************************************************************************************
2023-01-11 16:04:05,264 p=22245 u=hongqizhang n=ansible | 192.168.2.38               : ok=4    changed=2    unreachable=0    failed=1    skipped=0    rescued=0    ignored=0   
2023-01-11 16:06:18,529 p=22365 u=hongqizhang n=ansible | PLAY [Shell Examples] *****************************************************************************************************************
2023-01-11 16:06:18,556 p=22365 u=hongqizhang n=ansible | TASK [Gathering Facts] ****************************************************************************************************************
2023-01-11 16:06:43,656 p=22365 u=hongqizhang n=ansible | ok: [192.168.2.38]
2023-01-11 16:06:43,692 p=22365 u=hongqizhang n=ansible | TASK [Execute the ls commmand] ********************************************************************************************************
2023-01-11 16:06:48,018 p=22365 u=hongqizhang n=ansible | changed: [192.168.2.38]
2023-01-11 16:06:48,034 p=22365 u=hongqizhang n=ansible | TASK [debug] **************************************************************************************************************************
2023-01-11 16:06:48,099 p=22365 u=hongqizhang n=ansible | ok: [192.168.2.38] => {
    "listfile.stdout_lines": [
        "total 4",
        "drwxrwxrwt. 10 root root 256 Jan 11 15:49 .",
        "dr-xr-xr-x. 17 root root 224 Sep 18  2021 ..",
        "drwx------.  2 root root  56 Jan 11 15:49 ansible_ansible.legacy.command_payload_ecuwdeml",
        "drwxrwxrwt.  2 root root   6 Jan  2 16:09 .font-unix",
        "drwxrwxrwt.  2 root root   6 Jan  2 16:09 .ICE-unix",
        "-rwxrwxrwx.  1 root root  12 Jan 11 15:34 mybash",
        "drwxr-xr-x.  2 root root   6 Jan 11 15:30 runbash",
        "drwx------.  3 root root  17 Jan 11 11:32 systemd-private-5c971626e0564f378f75911ab93b064c-chronyd.service-hryBEf",
        "drwxrwxrwt.  2 root root   6 Jan  2 16:09 .Test-unix",
        "drwxrwxrwt.  2 root root   6 Jan  2 16:09 .X11-unix",
        "drwxrwxrwt.  2 root root   6 Jan  2 16:09 .XIM-unix"
    ]
}
2023-01-11 16:06:48,118 p=22365 u=hongqizhang n=ansible | TASK [Transfer the script] ************************************************************************************************************
2023-01-11 16:06:51,441 p=22365 u=hongqizhang n=ansible | ok: [192.168.2.38]
2023-01-11 16:06:51,461 p=22365 u=hongqizhang n=ansible | TASK [debug] **************************************************************************************************************************
2023-01-11 16:06:51,511 p=22365 u=hongqizhang n=ansible | ok: [192.168.2.38] => {
    "trans.stdout_lines": "VARIABLE IS NOT DEFINED!"
}
2023-01-11 16:06:51,527 p=22365 u=hongqizhang n=ansible | TASK [Execute the script] *************************************************************************************************************
2023-01-11 16:06:51,969 p=22365 u=hongqizhang n=ansible | fatal: [192.168.2.38 -> localhost]: FAILED! => {"changed": true, "cmd": ["sh", "/root/test.sh"], "delta": "0:00:00.010216", "end": "2023-01-11 16:06:51.918586", "msg": "non-zero return code", "rc": 127, "start": "2023-01-11 16:06:51.908370", "stderr": "sh: /root/test.sh: No such file or directory", "stderr_lines": ["sh: /root/test.sh: No such file or directory"], "stdout": "", "stdout_lines": []}
2023-01-11 16:06:51,970 p=22365 u=hongqizhang n=ansible | PLAY RECAP ****************************************************************************************************************************
2023-01-11 16:06:51,970 p=22365 u=hongqizhang n=ansible | 192.168.2.38               : ok=5    changed=1    unreachable=0    failed=1    skipped=0    rescued=0    ignored=0   
2023-01-11 16:11:01,969 p=22580 u=hongqizhang n=ansible | PLAY [Shell Examples] *****************************************************************************************************************
2023-01-11 16:11:01,991 p=22580 u=hongqizhang n=ansible | TASK [Gathering Facts] ****************************************************************************************************************
2023-01-11 16:11:07,264 p=22580 u=hongqizhang n=ansible | ok: [192.168.2.38]
2023-01-11 16:11:07,322 p=22580 u=hongqizhang n=ansible | TASK [Transfer the script] ************************************************************************************************************
2023-01-11 16:11:18,534 p=22580 u=hongqizhang n=ansible | ok: [192.168.2.38]
2023-01-11 16:11:18,550 p=22580 u=hongqizhang n=ansible | TASK [debug] **************************************************************************************************************************
2023-01-11 16:11:18,604 p=22580 u=hongqizhang n=ansible | ok: [192.168.2.38] => {
    "trans.stdout_lines": "VARIABLE IS NOT DEFINED!"
}
2023-01-11 16:11:18,623 p=22580 u=hongqizhang n=ansible | TASK [Execute the script] *************************************************************************************************************
2023-01-11 16:11:34,844 p=22580 u=hongqizhang n=ansible | changed: [192.168.2.38]
2023-01-11 16:11:34,893 p=22580 u=hongqizhang n=ansible | PLAY RECAP ****************************************************************************************************************************
2023-01-11 16:11:34,893 p=22580 u=hongqizhang n=ansible | 192.168.2.38               : ok=4    changed=1    unreachable=0    failed=0    skipped=0    rescued=0    ignored=0   
2023-01-11 16:13:48,632 p=22678 u=hongqizhang n=ansible | PLAY [Shell Examples] *****************************************************************************************************************
2023-01-11 16:13:48,663 p=22678 u=hongqizhang n=ansible | TASK [Gathering Facts] ****************************************************************************************************************
2023-01-11 16:13:54,084 p=22678 u=hongqizhang n=ansible | ok: [192.168.2.38]
2023-01-11 16:13:54,126 p=22678 u=hongqizhang n=ansible | TASK [Transfer the script] ************************************************************************************************************
2023-01-11 16:14:01,637 p=22678 u=hongqizhang n=ansible | ok: [192.168.2.38]
2023-01-11 16:14:01,660 p=22678 u=hongqizhang n=ansible | TASK [debug] **************************************************************************************************************************
2023-01-11 16:14:01,717 p=22678 u=hongqizhang n=ansible | ok: [192.168.2.38] => {
    "copyfile.stdout_lines": "VARIABLE IS NOT DEFINED!"
}
2023-01-11 16:14:01,733 p=22678 u=hongqizhang n=ansible | TASK [Execute the script] *************************************************************************************************************
2023-01-11 16:14:06,843 p=22678 u=hongqizhang n=ansible | changed: [192.168.2.38]
2023-01-11 16:14:06,856 p=22678 u=hongqizhang n=ansible | TASK [debug] **************************************************************************************************************************
2023-01-11 16:14:06,909 p=22678 u=hongqizhang n=ansible | ok: [192.168.2.38] => {
    "listfile.stdout_lines": [
        "total 4",
        "drwxrwxrwt. 10 root root 256 Jan 11 15:57 .",
        "dr-xr-xr-x. 17 root root 224 Sep 18  2021 ..",
        "drwx------.  2 root root  56 Jan 11 15:57 ansible_ansible.legacy.command_payload_7azbyn1g",
        "drwxrwxrwt.  2 root root   6 Jan  2 16:09 .font-unix",
        "drwxrwxrwt.  2 root root   6 Jan  2 16:09 .ICE-unix",
        "-rwxrwxrwx.  1 root root  12 Jan 11 15:34 mybash",
        "drwxr-xr-x.  2 root root   6 Jan 11 15:30 runbash",
        "drwx------.  3 root root  17 Jan 11 11:32 systemd-private-5c971626e0564f378f75911ab93b064c-chronyd.service-hryBEf",
        "drwxrwxrwt.  2 root root   6 Jan  2 16:09 .Test-unix",
        "drwxrwxrwt.  2 root root   6 Jan  2 16:09 .X11-unix",
        "drwxrwxrwt.  2 root root   6 Jan  2 16:09 .XIM-unix"
    ]
}
2023-01-11 16:14:06,962 p=22678 u=hongqizhang n=ansible | PLAY RECAP ****************************************************************************************************************************
2023-01-11 16:14:06,963 p=22678 u=hongqizhang n=ansible | 192.168.2.38               : ok=5    changed=1    unreachable=0    failed=0    skipped=0    rescued=0    ignored=0   
2023-01-11 16:23:53,338 p=23011 u=hongqizhang n=ansible | ERROR! conflicting action statements: command, debug

The error appears to be in '/Users/hongqizhang/workspace/ansibletest/ansible/runscript.yml': line 12, column 9, but may
be elsewhere in the file depending on the exact syntax problem.

The offending line appears to be:


      - name: Execute the script
        ^ here

2023-01-11 16:26:35,329 p=23090 u=hongqizhang n=ansible | ERROR! conflicting action statements: command, debug

The error appears to be in '/Users/hongqizhang/workspace/ansibletest/ansible/runscript.yml': line 12, column 9, but may
be elsewhere in the file depending on the exact syntax problem.

The offending line appears to be:


      - name: Execute the script
        ^ here

2023-01-11 16:29:59,616 p=23164 u=hongqizhang n=ansible | ERROR! conflicting action statements: shell, debug

The error appears to be in '/Users/hongqizhang/workspace/ansibletest/ansible/runbash.yml': line 12, column 9, but may
be elsewhere in the file depending on the exact syntax problem.

The offending line appears to be:


      - name: find all txt files in /tmp
        ^ here

2023-01-11 16:37:13,906 p=23365 u=hongqizhang n=ansible | PLAY [Shell Examples] *****************************************************************************************************************
2023-01-11 16:37:13,929 p=23365 u=hongqizhang n=ansible | TASK [Gathering Facts] ****************************************************************************************************************
2023-01-11 16:37:23,927 p=23365 u=hongqizhang n=ansible | ok: [192.168.2.38]
2023-01-11 16:37:23,999 p=23365 u=hongqizhang n=ansible | TASK [Transfer the script] ************************************************************************************************************
2023-01-11 16:37:40,672 p=23365 u=hongqizhang n=ansible | ok: [192.168.2.38]
2023-01-11 16:37:40,695 p=23365 u=hongqizhang n=ansible | TASK [debug] **************************************************************************************************************************
2023-01-11 16:37:40,768 p=23365 u=hongqizhang n=ansible | ok: [192.168.2.38] => {
    "copyfile.stdout_lines": "VARIABLE IS NOT DEFINED!"
}
2023-01-11 16:37:40,786 p=23365 u=hongqizhang n=ansible | TASK [Execute the script] *************************************************************************************************************
2023-01-11 16:37:46,618 p=23365 u=hongqizhang n=ansible | changed: [192.168.2.38]
2023-01-11 16:37:46,629 p=23365 u=hongqizhang n=ansible | TASK [debug] **************************************************************************************************************************
2023-01-11 16:37:46,697 p=23365 u=hongqizhang n=ansible | ok: [192.168.2.38] => {
    "listfile.stdout_lines": [
        "total 4",
        "drwxrwxrwt. 10 root root 256 Jan 11 16:22 .",
        "dr-xr-xr-x. 17 root root 224 Sep 18  2021 ..",
        "drwx------.  2 root root  56 Jan 11 16:22 ansible_ansible.legacy.command_payload_9bdk9fx5",
        "drwxrwxrwt.  2 root root   6 Jan  2 16:09 .font-unix",
        "drwxrwxrwt.  2 root root   6 Jan  2 16:09 .ICE-unix",
        "-rwxrwxrwx.  1 root root  12 Jan 11 15:34 mybash",
        "drwxr-xr-x.  2 root root   6 Jan 11 15:30 runbash",
        "drwx------.  3 root root  17 Jan 11 11:32 systemd-private-5c971626e0564f378f75911ab93b064c-chronyd.service-hryBEf",
        "drwxrwxrwt.  2 root root   6 Jan  2 16:09 .Test-unix",
        "drwxrwxrwt.  2 root root   6 Jan  2 16:09 .X11-unix",
        "drwxrwxrwt.  2 root root   6 Jan  2 16:09 .XIM-unix"
    ]
}
2023-01-11 16:37:46,778 p=23365 u=hongqizhang n=ansible | PLAY RECAP ****************************************************************************************************************************
2023-01-11 16:37:46,779 p=23365 u=hongqizhang n=ansible | 192.168.2.38               : ok=5    changed=1    unreachable=0    failed=0    skipped=0    rescued=0    ignored=0   
2023-01-11 16:40:18,272 p=23486 u=hongqizhang n=ansible | PLAY [Shell Examples] *****************************************************************************************************************
2023-01-11 16:40:18,299 p=23486 u=hongqizhang n=ansible | TASK [Gathering Facts] ****************************************************************************************************************
2023-01-11 16:40:33,986 p=23486 u=hongqizhang n=ansible | ok: [192.168.2.38]
2023-01-11 16:40:34,020 p=23486 u=hongqizhang n=ansible | TASK [Transfer the script] ************************************************************************************************************
2023-01-11 16:40:57,170 p=23486 u=hongqizhang n=ansible | changed: [192.168.2.38]
2023-01-11 16:40:57,187 p=23486 u=hongqizhang n=ansible | TASK [debug] **************************************************************************************************************************
2023-01-11 16:40:57,242 p=23486 u=hongqizhang n=ansible | ok: [192.168.2.38] => {
    "copyfile.stdout_lines": "VARIABLE IS NOT DEFINED!"
}
2023-01-11 16:40:57,260 p=23486 u=hongqizhang n=ansible | TASK [Execute the script] *************************************************************************************************************
2023-01-11 16:41:01,178 p=23486 u=hongqizhang n=ansible | changed: [192.168.2.38]
2023-01-11 16:41:01,193 p=23486 u=hongqizhang n=ansible | TASK [debug] **************************************************************************************************************************
2023-01-11 16:41:01,233 p=23486 u=hongqizhang n=ansible | ok: [192.168.2.38] => {
    "listfile.stdout_lines": [
        "total 4",
        "drwxrwxrwt. 10 root root 256 Jan 11 16:26 .",
        "dr-xr-xr-x. 17 root root 224 Sep 18  2021 ..",
        "drwx------.  2 root root  56 Jan 11 16:26 ansible_ansible.legacy.command_payload_oxxs9nhu",
        "drwxrwxrwt.  2 root root   6 Jan  2 16:09 .font-unix",
        "drwxrwxrwt.  2 root root   6 Jan  2 16:09 .ICE-unix",
        "-rwxrwxrwx.  1 root root  12 Jan 11 15:34 mybash",
        "drwxr-xr-x.  2 root root   6 Jan 11 15:30 runbash",
        "drwx------.  3 root root  17 Jan 11 11:32 systemd-private-5c971626e0564f378f75911ab93b064c-chronyd.service-hryBEf",
        "drwxrwxrwt.  2 root root   6 Jan  2 16:09 .Test-unix",
        "drwxrwxrwt.  2 root root   6 Jan  2 16:09 .X11-unix",
        "drwxrwxrwt.  2 root root   6 Jan  2 16:09 .XIM-unix"
    ]
}
2023-01-11 16:41:01,284 p=23486 u=hongqizhang n=ansible | PLAY RECAP ****************************************************************************************************************************
2023-01-11 16:41:01,284 p=23486 u=hongqizhang n=ansible | 192.168.2.38               : ok=5    changed=2    unreachable=0    failed=0    skipped=0    rescued=0    ignored=0   
2023-01-11 16:42:33,650 p=23585 u=hongqizhang n=ansible | PLAY [Shell Examples] *****************************************************************************************************************
2023-01-11 16:42:33,667 p=23585 u=hongqizhang n=ansible | TASK [Gathering Facts] ****************************************************************************************************************
2023-01-11 16:42:53,929 p=23585 u=hongqizhang n=ansible | ok: [192.168.2.38]
2023-01-11 16:42:53,969 p=23585 u=hongqizhang n=ansible | TASK [Transfer the script] ************************************************************************************************************
2023-01-11 16:42:59,731 p=23585 u=hongqizhang n=ansible | changed: [192.168.2.38]
2023-01-11 16:42:59,743 p=23585 u=hongqizhang n=ansible | TASK [debug] **************************************************************************************************************************
2023-01-11 16:42:59,796 p=23585 u=hongqizhang n=ansible | ok: [192.168.2.38] => {
    "copyfile.stdout_lines": "VARIABLE IS NOT DEFINED!"
}
2023-01-11 16:42:59,808 p=23585 u=hongqizhang n=ansible | TASK [Execute the script] *************************************************************************************************************
2023-01-11 16:43:01,053 p=23585 u=hongqizhang n=ansible | changed: [192.168.2.38]
2023-01-11 16:43:01,067 p=23585 u=hongqizhang n=ansible | TASK [debug] **************************************************************************************************************************
2023-01-11 16:43:01,115 p=23585 u=hongqizhang n=ansible | ok: [192.168.2.38] => {
    "listfile.stdout_lines": [
        "total 0",
        "drwxr-xr-x.  2 root root   6 Jan 11 15:30 .",
        "drwxrwxrwt. 10 root root 256 Jan 11 16:28 .."
    ]
}
2023-01-11 16:43:01,172 p=23585 u=hongqizhang n=ansible | PLAY RECAP ****************************************************************************************************************************
2023-01-11 16:43:01,173 p=23585 u=hongqizhang n=ansible | 192.168.2.38               : ok=5    changed=2    unreachable=0    failed=0    skipped=0    rescued=0    ignored=0   
2023-01-11 16:44:05,398 p=23683 u=hongqizhang n=ansible | PLAY [Shell Examples] *****************************************************************************************************************
2023-01-11 16:44:05,426 p=23683 u=hongqizhang n=ansible | TASK [Gathering Facts] ****************************************************************************************************************
2023-01-11 16:44:16,914 p=23683 u=hongqizhang n=ansible | ok: [192.168.2.38]
2023-01-11 16:44:16,977 p=23683 u=hongqizhang n=ansible | TASK [Transfer the script] ************************************************************************************************************
2023-01-11 16:44:19,941 p=23683 u=hongqizhang n=ansible | changed: [192.168.2.38]
2023-01-11 16:44:19,955 p=23683 u=hongqizhang n=ansible | TASK [debug] **************************************************************************************************************************
2023-01-11 16:44:20,006 p=23683 u=hongqizhang n=ansible | ok: [192.168.2.38] => {
    "copyfile.stdout_lines": "VARIABLE IS NOT DEFINED!"
}
2023-01-11 16:44:20,020 p=23683 u=hongqizhang n=ansible | TASK [Execute the script] *************************************************************************************************************
2023-01-11 16:44:21,170 p=23683 u=hongqizhang n=ansible | changed: [192.168.2.38]
2023-01-11 16:44:21,200 p=23683 u=hongqizhang n=ansible | TASK [debug] **************************************************************************************************************************
2023-01-11 16:44:21,274 p=23683 u=hongqizhang n=ansible | ok: [192.168.2.38] => {
    "listfile.stdout_lines": [
        "Hello hongqi!!!!!",
        "total 0",
        "drwxr-xr-x.  2 root root   6 Jan 11 15:30 .",
        "drwxrwxrwt. 10 root root 256 Jan 11 16:30 .."
    ]
}
2023-01-11 16:44:21,326 p=23683 u=hongqizhang n=ansible | PLAY RECAP ****************************************************************************************************************************
2023-01-11 16:44:21,327 p=23683 u=hongqizhang n=ansible | 192.168.2.38               : ok=5    changed=2    unreachable=0    failed=0    skipped=0    rescued=0    ignored=0   
2023-01-11 16:53:32,435 p=23970 u=hongqizhang n=ansible | PLAY [Shell Examples] *****************************************************************************************************************
2023-01-11 16:53:32,469 p=23970 u=hongqizhang n=ansible | TASK [Gathering Facts] ****************************************************************************************************************
2023-01-11 16:53:35,930 p=23970 u=hongqizhang n=ansible |  [ERROR]: User interrupted execution

2023-01-11 16:59:47,975 p=24141 u=hongqizhang n=ansible | PLAY [Shell Examples] *****************************************************************************************************************
2023-01-11 16:59:48,004 p=24141 u=hongqizhang n=ansible | TASK [Gathering Facts] ****************************************************************************************************************
2023-01-11 16:59:59,064 p=24141 u=hongqizhang n=ansible | ok: [192.168.2.38]
2023-01-11 16:59:59,103 p=24141 u=hongqizhang n=ansible | TASK [include_vars] *******************************************************************************************************************
2023-01-11 16:59:59,140 p=24141 u=hongqizhang n=ansible | ok: [192.168.2.38]
2023-01-11 16:59:59,159 p=24141 u=hongqizhang n=ansible | TASK [Transfer the script] ************************************************************************************************************
2023-01-11 17:00:02,056 p=24141 u=hongqizhang n=ansible | ok: [192.168.2.38]
2023-01-11 17:00:02,069 p=24141 u=hongqizhang n=ansible | TASK [debug] **************************************************************************************************************************
2023-01-11 17:00:02,113 p=24141 u=hongqizhang n=ansible | ok: [192.168.2.38] => {
    "copyfile.stdout_lines": "VARIABLE IS NOT DEFINED!"
}
2023-01-11 17:00:02,125 p=24141 u=hongqizhang n=ansible | TASK [Execute the script] *************************************************************************************************************
2023-01-11 17:00:03,335 p=24141 u=hongqizhang n=ansible | changed: [192.168.2.38]
2023-01-11 17:00:03,353 p=24141 u=hongqizhang n=ansible | TASK [debug] **************************************************************************************************************************
2023-01-11 17:00:03,421 p=24141 u=hongqizhang n=ansible | ok: [192.168.2.38] => {
    "listfile.stdout_lines": [
        "Hello Hongqi!!!!!",
        "total 0",
        "drwxr-xr-x.  2 root root   6 Jan 11 15:30 .",
        "drwxrwxrwt. 10 root root 256 Jan 11 16:46 .."
    ]
}
2023-01-11 17:00:03,500 p=24141 u=hongqizhang n=ansible | PLAY RECAP ****************************************************************************************************************************
2023-01-11 17:00:03,500 p=24141 u=hongqizhang n=ansible | 192.168.2.38               : ok=6    changed=1    unreachable=0    failed=0    skipped=0    rescued=0    ignored=0   
2023-01-11 18:23:35,280 p=25222 u=hongqizhang n=ansible | PLAY [Shell Examples] *****************************************************************************************************************
2023-01-11 18:23:35,304 p=25222 u=hongqizhang n=ansible | TASK [Gathering Facts] ****************************************************************************************************************
2023-01-11 18:23:44,661 p=25222 u=hongqizhang n=ansible | ok: [192.168.2.38]
2023-01-11 18:23:44,700 p=25222 u=hongqizhang n=ansible | TASK [include_vars] *******************************************************************************************************************
2023-01-11 18:23:44,744 p=25222 u=hongqizhang n=ansible | ok: [192.168.2.38]
2023-01-11 18:23:44,769 p=25222 u=hongqizhang n=ansible | TASK [Transfer the script] ************************************************************************************************************
2023-01-11 18:23:47,280 p=25222 u=hongqizhang n=ansible | ok: [192.168.2.38]
2023-01-11 18:23:47,294 p=25222 u=hongqizhang n=ansible | TASK [debug] **************************************************************************************************************************
2023-01-11 18:23:47,343 p=25222 u=hongqizhang n=ansible | ok: [192.168.2.38] => {
    "copyfile.stdout_lines": "VARIABLE IS NOT DEFINED!"
}
2023-01-11 18:23:47,355 p=25222 u=hongqizhang n=ansible | TASK [Execute the script] *************************************************************************************************************
2023-01-11 18:23:48,378 p=25222 u=hongqizhang n=ansible | changed: [192.168.2.38]
2023-01-11 18:23:48,390 p=25222 u=hongqizhang n=ansible | TASK [debug] **************************************************************************************************************************
2023-01-11 18:23:48,452 p=25222 u=hongqizhang n=ansible | ok: [192.168.2.38] => {
    "listfile.stdout_lines": [
        "Hello Hongqi!!!!!",
        "total 0",
        "drwxr-xr-x.  2 root root   6 Jan 11 15:30 .",
        "drwxrwxrwt. 10 root root 256 Jan 11 17:23 .."
    ]
}
2023-01-11 18:23:48,527 p=25222 u=hongqizhang n=ansible | PLAY RECAP ****************************************************************************************************************************
2023-01-11 18:23:48,527 p=25222 u=hongqizhang n=ansible | 192.168.2.38               : ok=6    changed=1    unreachable=0    failed=0    skipped=0    rescued=0    ignored=0   
2023-01-11 18:45:18,106 p=25829 u=hongqizhang n=ansible | ERROR! the playbook: ansible/runscript.yml could not be found
2023-01-11 18:45:23,182 p=25830 u=hongqizhang n=ansible | PLAY [Shell Examples] *****************************************************************************************************************
2023-01-11 18:45:23,207 p=25830 u=hongqizhang n=ansible | TASK [Gathering Facts] ****************************************************************************************************************
2023-01-11 18:45:27,915 p=25830 u=hongqizhang n=ansible | ok: [192.168.2.38]
2023-01-11 18:45:27,963 p=25830 u=hongqizhang n=ansible | TASK [include_vars] *******************************************************************************************************************
2023-01-11 18:45:28,016 p=25830 u=hongqizhang n=ansible | ok: [192.168.2.38]
2023-01-11 18:45:28,038 p=25830 u=hongqizhang n=ansible | TASK [Transfer the script] ************************************************************************************************************
2023-01-11 18:45:30,898 p=25830 u=hongqizhang n=ansible | ok: [192.168.2.38]
2023-01-11 18:45:30,911 p=25830 u=hongqizhang n=ansible | TASK [debug] **************************************************************************************************************************
2023-01-11 18:45:30,964 p=25830 u=hongqizhang n=ansible | ok: [192.168.2.38] => {
    "copyfile.stdout_lines": "VARIABLE IS NOT DEFINED!"
}
2023-01-11 18:45:30,977 p=25830 u=hongqizhang n=ansible | TASK [Execute the script] *************************************************************************************************************
2023-01-11 18:45:32,128 p=25830 u=hongqizhang n=ansible | changed: [192.168.2.38]
2023-01-11 18:45:32,146 p=25830 u=hongqizhang n=ansible | TASK [debug] **************************************************************************************************************************
2023-01-11 18:45:32,208 p=25830 u=hongqizhang n=ansible | ok: [192.168.2.38] => {
    "listfile.stdout_lines": [
        "Hello Hongqi!!!!!",
        "total 0",
        "drwxr-xr-x.  2 root root   6 Jan 11 15:30 .",
        "drwxrwxrwt. 10 root root 256 Jan 11 17:47 .."
    ]
}
2023-01-11 18:45:32,271 p=25830 u=hongqizhang n=ansible | PLAY RECAP ****************************************************************************************************************************
2023-01-11 18:45:32,272 p=25830 u=hongqizhang n=ansible | 192.168.2.38               : ok=6    changed=1    unreachable=0    failed=0    skipped=0    rescued=0    ignored=0   
2023-01-11 18:46:03,871 p=25897 u=hongqizhang n=ansible | PLAY [Shell Examples] *****************************************************************************************************************
2023-01-11 18:46:03,890 p=25897 u=hongqizhang n=ansible | TASK [Gathering Facts] ****************************************************************************************************************
2023-01-11 18:46:17,577 p=25897 u=hongqizhang n=ansible | ok: [192.168.2.38]
2023-01-11 18:46:17,615 p=25897 u=hongqizhang n=ansible | TASK [include_vars] *******************************************************************************************************************
2023-01-11 18:46:17,671 p=25897 u=hongqizhang n=ansible | ok: [192.168.2.38]
2023-01-11 18:46:17,696 p=25897 u=hongqizhang n=ansible | TASK [Transfer the script] ************************************************************************************************************
2023-01-11 18:46:22,038 p=25897 u=hongqizhang n=ansible | ok: [192.168.2.38]
2023-01-11 18:46:22,050 p=25897 u=hongqizhang n=ansible | TASK [Execute the script] *************************************************************************************************************
2023-01-11 18:46:23,094 p=25897 u=hongqizhang n=ansible | changed: [192.168.2.38]
2023-01-11 18:46:23,107 p=25897 u=hongqizhang n=ansible | TASK [debug] **************************************************************************************************************************
2023-01-11 18:46:23,154 p=25897 u=hongqizhang n=ansible | ok: [192.168.2.38] => {
    "listfile.stdout_lines": [
        "Hello Hongqi!!!!!",
        "total 0",
        "drwxr-xr-x.  2 root root   6 Jan 11 15:30 .",
        "drwxrwxrwt. 10 root root 256 Jan 11 17:48 .."
    ]
}
2023-01-11 18:46:23,199 p=25897 u=hongqizhang n=ansible | PLAY RECAP ****************************************************************************************************************************
2023-01-11 18:46:23,200 p=25897 u=hongqizhang n=ansible | 192.168.2.38               : ok=5    changed=1    unreachable=0    failed=0    skipped=0    rescued=0    ignored=0   
2023-01-11 23:20:19,012 p=50271 u=hongqizhang n=ansible | ERROR! the playbook: runscript.sh could not be found
2023-01-24 21:48:15,526 p=4995 u=hongqizhang n=ansible | PLAY [Shell Examples] ***********************************************************************************************
2023-01-24 21:48:15,549 p=4995 u=hongqizhang n=ansible | TASK [Gathering Facts] **********************************************************************************************
2023-01-24 21:48:19,726 p=4995 u=hongqizhang n=ansible | ok: [192.168.2.38]
2023-01-24 21:48:19,762 p=4995 u=hongqizhang n=ansible | TASK [include_vars] *************************************************************************************************
2023-01-24 21:48:19,800 p=4995 u=hongqizhang n=ansible | ok: [192.168.2.38]
2023-01-24 21:48:19,813 p=4995 u=hongqizhang n=ansible | TASK [Execute the script] *******************************************************************************************
2023-01-24 21:48:20,065 p=4995 u=hongqizhang n=ansible | An exception occurred during task execution. To see the full traceback, use -vvv. The error was: If you are using a module and expect the file to exist on the remote, see the remote_src option
2023-01-24 21:48:20,066 p=4995 u=hongqizhang n=ansible | fatal: [192.168.2.38]: FAILED! => {"changed": false, "msg": "Could not find or access 'localtest.sh'\nSearched in:\n\t/Users/hongqizhang/workspace/ansibletest/ansible/files/localtest.sh\n\t/Users/hongqizhang/workspace/ansibletest/ansible/localtest.sh\n\t/Users/hongqizhang/workspace/ansibletest/ansible/files/localtest.sh\n\t/Users/hongqizhang/workspace/ansibletest/ansible/localtest.sh on the Ansible Controller.\nIf you are using a module and expect the file to exist on the remote, see the remote_src option"}
2023-01-24 21:48:20,067 p=4995 u=hongqizhang n=ansible | PLAY RECAP **********************************************************************************************************
2023-01-24 21:48:20,068 p=4995 u=hongqizhang n=ansible | 192.168.2.38               : ok=2    changed=0    unreachable=0    failed=1    skipped=0    rescued=0    ignored=0   
2023-01-24 21:48:50,977 p=5028 u=hongqizhang n=ansible | PLAY [Shell Examples] ***********************************************************************************************
2023-01-24 21:48:50,994 p=5028 u=hongqizhang n=ansible | TASK [Gathering Facts] **********************************************************************************************
2023-01-24 21:48:55,879 p=5028 u=hongqizhang n=ansible | ok: [192.168.2.38]
2023-01-24 21:48:55,928 p=5028 u=hongqizhang n=ansible | TASK [include_vars] *************************************************************************************************
2023-01-24 21:48:55,983 p=5028 u=hongqizhang n=ansible | ok: [192.168.2.38]
2023-01-24 21:48:56,000 p=5028 u=hongqizhang n=ansible | TASK [Execute the script] *******************************************************************************************
2023-01-24 21:48:56,410 p=5028 u=hongqizhang n=ansible | changed: [192.168.2.38]
2023-01-24 21:48:56,424 p=5028 u=hongqizhang n=ansible | TASK [debug] ********************************************************************************************************
2023-01-24 21:48:56,467 p=5028 u=hongqizhang n=ansible | ok: [192.168.2.38] => {
    "listfile.stdout_lines": [
        "Hello ",
        "",
        "total 0",
        "drwxr-xr-x. 2 root root   6 Jan 11 15:30 .",
        "drwxrwxrwt. 9 root root 201 Jan 14 09:38 .."
    ]
}
2023-01-24 21:48:56,523 p=5028 u=hongqizhang n=ansible | PLAY RECAP **********************************************************************************************************
2023-01-24 21:48:56,523 p=5028 u=hongqizhang n=ansible | 192.168.2.38               : ok=4    changed=1    unreachable=0    failed=0    skipped=0    rescued=0    ignored=0   
2023-01-24 21:50:19,561 p=5085 u=hongqizhang n=ansible | PLAY [Shell Examples] ***********************************************************************************************
2023-01-24 21:50:19,593 p=5085 u=hongqizhang n=ansible | TASK [Gathering Facts] **********************************************************************************************
2023-01-24 21:50:23,559 p=5085 u=hongqizhang n=ansible | ok: [192.168.2.38]
2023-01-24 21:50:23,600 p=5085 u=hongqizhang n=ansible | TASK [include_vars] *************************************************************************************************
2023-01-24 21:50:23,641 p=5085 u=hongqizhang n=ansible | ok: [192.168.2.38]
2023-01-24 21:50:23,658 p=5085 u=hongqizhang n=ansible | TASK [Execute the script] *******************************************************************************************
2023-01-24 21:50:24,124 p=5085 u=hongqizhang n=ansible | changed: [192.168.2.38]
2023-01-24 21:50:24,138 p=5085 u=hongqizhang n=ansible | TASK [debug] ********************************************************************************************************
2023-01-24 21:50:24,176 p=5085 u=hongqizhang n=ansible | ok: [192.168.2.38] => {
    "listfile.stdout_lines": [
        "++ echo 'Hello '",
        "Hello ",
        "++ echo",
        "",
        "++ ls -al /tmp/runbash",
        "total 0",
        "drwxr-xr-x. 2 root root   6 Jan 11 15:30 .",
        "drwxrwxrwt. 9 root root 201 Jan 14 09:39 ..",
        "++ echo hostname",
        "hostname",
        "++ hostname",
        "localhost.localdomain",
        "++ echo pwd",
        "pwd",
        "++ pwd",
        "/root"
    ]
}
2023-01-24 21:50:24,229 p=5085 u=hongqizhang n=ansible | PLAY RECAP **********************************************************************************************************
2023-01-24 21:50:24,230 p=5085 u=hongqizhang n=ansible | 192.168.2.38               : ok=4    changed=1    unreachable=0    failed=0    skipped=0    rescued=0    ignored=0   
2023-01-24 21:57:49,458 p=5312 u=hongqizhang n=ansible | PLAY [Shell Examples] ***********************************************************************************************
2023-01-24 21:57:49,478 p=5312 u=hongqizhang n=ansible | TASK [Gathering Facts] **********************************************************************************************
2023-01-24 21:57:53,763 p=5312 u=hongqizhang n=ansible | ok: [192.168.2.38]
2023-01-24 21:57:53,808 p=5312 u=hongqizhang n=ansible | TASK [include_vars] *************************************************************************************************
2023-01-24 21:57:53,851 p=5312 u=hongqizhang n=ansible | ok: [192.168.2.38]
2023-01-24 21:57:53,867 p=5312 u=hongqizhang n=ansible | TASK [Execute the script] *******************************************************************************************
2023-01-24 21:57:54,081 p=5312 u=hongqizhang n=ansible | An exception occurred during task execution. To see the full traceback, use -vvv. The error was: NoneType: None
2023-01-24 21:57:54,082 p=5312 u=hongqizhang n=ansible | fatal: [192.168.2.38]: FAILED! => {"changed": false, "msg": "chdir cd /tmp must be an absolute path for a Unix-aware remote node"}
2023-01-24 21:57:54,083 p=5312 u=hongqizhang n=ansible | PLAY RECAP **********************************************************************************************************
2023-01-24 21:57:54,083 p=5312 u=hongqizhang n=ansible | 192.168.2.38               : ok=2    changed=0    unreachable=0    failed=1    skipped=0    rescued=0    ignored=0   
2023-01-24 21:59:09,500 p=5361 u=hongqizhang n=ansible | PLAY [Shell Examples] ***********************************************************************************************
2023-01-24 21:59:09,528 p=5361 u=hongqizhang n=ansible | TASK [Gathering Facts] **********************************************************************************************
2023-01-24 21:59:11,565 p=5361 u=hongqizhang n=ansible | ok: [192.168.2.38]
2023-01-24 21:59:11,623 p=5361 u=hongqizhang n=ansible | TASK [include_vars] *************************************************************************************************
2023-01-24 21:59:11,672 p=5361 u=hongqizhang n=ansible | ok: [192.168.2.38]
2023-01-24 21:59:11,702 p=5361 u=hongqizhang n=ansible | TASK [Execute the script] *******************************************************************************************
2023-01-24 21:59:12,075 p=5361 u=hongqizhang n=ansible | changed: [192.168.2.38]
2023-01-24 21:59:12,092 p=5361 u=hongqizhang n=ansible | TASK [debug] ********************************************************************************************************
2023-01-24 21:59:12,137 p=5361 u=hongqizhang n=ansible | ok: [192.168.2.38] => {
    "listfile.stdout_lines": [
        "+ echo 'Hello '",
        "Hello ",
        "+ echo",
        "",
        "+ ls -al /tmp/runbash",
        "total 0",
        "drwxr-xr-x. 2 root root   6 Jan 11 15:30 .",
        "drwxrwxrwt. 9 root root 201 Jan 14 09:49 ..",
        "+ echo hostname",
        "hostname",
        "+ hostname",
        "localhost.localdomain",
        "+ echo pwd",
        "pwd",
        "+ pwd",
        "/home"
    ]
}
2023-01-24 21:59:12,181 p=5361 u=hongqizhang n=ansible | PLAY RECAP **********************************************************************************************************
2023-01-24 21:59:12,181 p=5361 u=hongqizhang n=ansible | 192.168.2.38               : ok=4    changed=1    unreachable=0    failed=0    skipped=0    rescued=0    ignored=0   
2023-01-24 22:16:45,937 p=5485 u=hongqizhang n=ansible | PLAY [Shell Examples] ***********************************************************************************************
2023-01-24 22:16:45,961 p=5485 u=hongqizhang n=ansible | TASK [Gathering Facts] **********************************************************************************************
2023-01-24 22:16:48,016 p=5485 u=hongqizhang n=ansible | ok: [192.168.2.38]
2023-01-24 22:16:48,074 p=5485 u=hongqizhang n=ansible | TASK [include_vars] *************************************************************************************************
2023-01-24 22:16:48,120 p=5485 u=hongqizhang n=ansible | ok: [192.168.2.38]
2023-01-24 22:16:48,139 p=5485 u=hongqizhang n=ansible | TASK [Execute the script] *******************************************************************************************
2023-01-24 22:16:48,522 p=5485 u=hongqizhang n=ansible | changed: [192.168.2.38]
2023-01-24 22:16:48,537 p=5485 u=hongqizhang n=ansible | TASK [debug] ********************************************************************************************************
2023-01-24 22:16:48,603 p=5485 u=hongqizhang n=ansible | ok: [192.168.2.38] => {
    "listfile.stdout_lines": [
        "+ echo 'Hello '",
        "Hello ",
        "+ echo",
        "",
        "+ ls -al /tmp/runbash",
        "total 0",
        "drwxr-xr-x. 2 root root   6 Jan 11 15:30 .",
        "drwxrwxrwt. 9 root root 201 Jan 14 09:52 ..",
        "+ echo hostname",
        "hostname",
        "+ hostname",
        "localhost.localdomain",
        "+ echo pwd",
        "pwd",
        "+ pwd",
        "/home",
        "+ ls -al",
        "total 0",
        "drwxr-xr-x.  3 root   root    20 Jan 11 13:14 .",
        "dr-xr-xr-x. 17 root   root   224 Sep 18  2021 ..",
        "drwx------.  3 hongqi hongqi 111 Jan 11 13:25 hongqi"
    ]
}
2023-01-24 22:16:48,691 p=5485 u=hongqizhang n=ansible | PLAY RECAP **********************************************************************************************************
2023-01-24 22:16:48,691 p=5485 u=hongqizhang n=ansible | 192.168.2.38               : ok=4    changed=1    unreachable=0    failed=0    skipped=0    rescued=0    ignored=0   
2023-01-24 22:39:24,142 p=5710 u=hongqizhang n=ansible | PLAY [Shell Examples] ***********************************************************************************************
2023-01-24 22:39:24,162 p=5710 u=hongqizhang n=ansible | TASK [Gathering Facts] **********************************************************************************************
2023-01-24 22:39:28,586 p=5710 u=hongqizhang n=ansible | ok: [192.168.2.38]
2023-01-24 22:39:28,645 p=5710 u=hongqizhang n=ansible | TASK [include_vars] *************************************************************************************************
2023-01-24 22:39:28,718 p=5710 u=hongqizhang n=ansible | ok: [192.168.2.38]
2023-01-24 22:39:28,745 p=5710 u=hongqizhang n=ansible | TASK [Execute the script] *******************************************************************************************
2023-01-24 22:39:29,086 p=5710 u=hongqizhang n=ansible | An exception occurred during task execution. To see the full traceback, use -vvv. The error was: If you are using a module and expect the file to exist on the remote, see the remote_src option
2023-01-24 22:39:29,087 p=5710 u=hongqizhang n=ansible | fatal: [192.168.2.38]: FAILED! => {"changed": false, "msg": "Could not find or access 'cp'\nSearched in:\n\t/Users/hongqizhang/workspace/ansibletest/ansible/files/cp\n\t/Users/hongqizhang/workspace/ansibletest/ansible/cp\n\t/Users/hongqizhang/workspace/ansibletest/ansible/files/cp\n\t/Users/hongqizhang/workspace/ansibletest/ansible/cp on the Ansible Controller.\nIf you are using a module and expect the file to exist on the remote, see the remote_src option"}
2023-01-24 22:39:29,089 p=5710 u=hongqizhang n=ansible | PLAY RECAP **********************************************************************************************************
2023-01-24 22:39:29,089 p=5710 u=hongqizhang n=ansible | 192.168.2.38               : ok=2    changed=0    unreachable=0    failed=1    skipped=0    rescued=0    ignored=0   
2023-01-24 22:42:59,732 p=5811 u=hongqizhang n=ansible | PLAY [Shell Examples] ***********************************************************************************************
2023-01-24 22:42:59,752 p=5811 u=hongqizhang n=ansible | TASK [Gathering Facts] **********************************************************************************************
2023-01-24 22:43:03,675 p=5811 u=hongqizhang n=ansible | ok: [192.168.2.38]
2023-01-24 22:43:03,709 p=5811 u=hongqizhang n=ansible | TASK [include_vars] *************************************************************************************************
2023-01-24 22:43:03,745 p=5811 u=hongqizhang n=ansible | ok: [192.168.2.38]
2023-01-24 22:43:03,760 p=5811 u=hongqizhang n=ansible | TASK [Execute the script] *******************************************************************************************
2023-01-24 22:43:04,741 p=5811 u=hongqizhang n=ansible | changed: [192.168.2.38]
2023-01-24 22:43:04,753 p=5811 u=hongqizhang n=ansible | TASK [Execute the script] *******************************************************************************************
2023-01-24 22:43:05,206 p=5811 u=hongqizhang n=ansible | changed: [192.168.2.38]
2023-01-24 22:43:05,218 p=5811 u=hongqizhang n=ansible | TASK [debug] ********************************************************************************************************
2023-01-24 22:43:05,259 p=5811 u=hongqizhang n=ansible | ok: [192.168.2.38] => {
    "listfile.stdout_lines": [
        "+ echo 'Hello '",
        "Hello ",
        "+ echo",
        "",
        "+ ls -al /tmp/runbash",
        "total 0",
        "drwxr-xr-x. 2 root root   6 Jan 11 15:30 .",
        "drwxrwxrwt. 9 root root 213 Jan 14 10:03 ..",
        "+ echo hostname",
        "hostname",
        "+ hostname",
        "localhost.localdomain",
        "+ echo pwd",
        "pwd",
        "+ pwd",
        "/home",
        "+ ls -al",
        "total 0",
        "drwxr-xr-x.  3 root   root    20 Jan 11 13:14 .",
        "dr-xr-xr-x. 17 root   root   224 Sep 18  2021 ..",
        "drwx------.  3 hongqi hongqi 111 Jan 11 13:25 hongqi"
    ]
}
2023-01-24 22:43:05,300 p=5811 u=hongqizhang n=ansible | PLAY RECAP **********************************************************************************************************
2023-01-24 22:43:05,301 p=5811 u=hongqizhang n=ansible | 192.168.2.38               : ok=5    changed=2    unreachable=0    failed=0    skipped=0    rescued=0    ignored=0   
2023-01-25 11:54:09,256 p=1388 u=hongqizhang n=ansible | PLAY [Shell Examples] ***********************************************************************************************
2023-01-25 11:54:09,291 p=1388 u=hongqizhang n=ansible | TASK [Gathering Facts] **********************************************************************************************
2023-01-25 11:54:12,432 p=1388 u=hongqizhang n=ansible | ok: [192.168.2.38]
2023-01-25 11:54:12,498 p=1388 u=hongqizhang n=ansible | TASK [include_vars] *************************************************************************************************
2023-01-25 11:54:12,552 p=1388 u=hongqizhang n=ansible | ok: [192.168.2.38]
2023-01-25 11:54:12,571 p=1388 u=hongqizhang n=ansible | TASK [Execute the script] *******************************************************************************************
2023-01-25 11:54:13,628 p=1388 u=hongqizhang n=ansible | changed: [192.168.2.38]
2023-01-25 11:54:13,648 p=1388 u=hongqizhang n=ansible | TASK [Execute the script] *******************************************************************************************
2023-01-25 11:54:14,152 p=1388 u=hongqizhang n=ansible | changed: [192.168.2.38]
2023-01-25 11:54:14,173 p=1388 u=hongqizhang n=ansible | TASK [debug] ********************************************************************************************************
2023-01-25 11:54:14,250 p=1388 u=hongqizhang n=ansible | ok: [192.168.2.38] => {
    "listfile.stdout_lines": [
        "+ echo 'Hello '",
        "Hello ",
        "+ echo",
        "",
        "+ ls -al /tmp/runbash",
        "total 0",
        "drwxr-xr-x. 2 root root   6 Jan 11 15:30 .",
        "drwxrwxrwt. 9 root root 213 Jan 14 10:10 ..",
        "+ echo hostname",
        "hostname",
        "+ hostname",
        "localhost.localdomain",
        "+ echo pwd",
        "pwd",
        "+ pwd",
        "/home",
        "+ ls -al",
        "total 0",
        "drwxr-xr-x.  3 root   root    20 Jan 11 13:14 .",
        "dr-xr-xr-x. 17 root   root   224 Sep 18  2021 ..",
        "drwx------.  3 hongqi hongqi 111 Jan 11 13:25 hongqi"
    ]
}
2023-01-25 11:54:14,317 p=1388 u=hongqizhang n=ansible | PLAY RECAP **********************************************************************************************************
2023-01-25 11:54:14,317 p=1388 u=hongqizhang n=ansible | 192.168.2.38               : ok=5    changed=2    unreachable=0    failed=0    skipped=0    rescued=0    ignored=0   
2023-01-25 11:57:39,353 p=1604 u=hongqizhang n=ansible | ERROR! We were unable to read either as JSON nor YAML, these are the errors we got from each:
JSON: Expecting value: line 1 column 1 (char 0)

Syntax Error while loading YAML.
  did not find expected '-' indicator

The error appears to be in '/Users/hongqizhang/workspace/ansibletest/ansible/runscript.yml': line 10, column 7, but may
be elsewhere in the file depending on the exact syntax problem.

The offending line appears to be:

        shell: cat test
      -debug:
      ^ here

2023-01-25 11:58:00,610 p=1613 u=hongqizhang n=ansible | PLAY [Shell Examples] ***********************************************************************************************
2023-01-25 11:58:00,638 p=1613 u=hongqizhang n=ansible | TASK [Gathering Facts] **********************************************************************************************
2023-01-25 11:58:05,492 p=1613 u=hongqizhang n=ansible | ok: [192.168.2.38]
2023-01-25 11:58:05,533 p=1613 u=hongqizhang n=ansible | TASK [include_vars] *************************************************************************************************
2023-01-25 11:58:05,580 p=1613 u=hongqizhang n=ansible | ok: [192.168.2.38]
2023-01-25 11:58:05,596 p=1613 u=hongqizhang n=ansible | TASK [Execute the script] *******************************************************************************************
2023-01-25 11:58:06,750 p=1613 u=hongqizhang n=ansible | changed: [192.168.2.38]
2023-01-25 11:58:06,764 p=1613 u=hongqizhang n=ansible | TASK [debug] ********************************************************************************************************
2023-01-25 11:58:06,813 p=1613 u=hongqizhang n=ansible | ok: [192.168.2.38] => {
    "listfile.stdout_lines": [
        "Hello world , Hongqi"
    ]
}
2023-01-25 11:58:06,827 p=1613 u=hongqizhang n=ansible | TASK [Execute the script] *******************************************************************************************
2023-01-25 11:58:08,216 p=1613 u=hongqizhang n=ansible | changed: [192.168.2.38]
2023-01-25 11:58:08,242 p=1613 u=hongqizhang n=ansible | TASK [debug] ********************************************************************************************************
2023-01-25 11:58:08,363 p=1613 u=hongqizhang n=ansible | ok: [192.168.2.38] => {
    "listfile.stdout_lines": [
        "+ echo 'Hello '",
        "Hello ",
        "+ echo",
        "",
        "+ ls -al /tmp/runbash",
        "total 0",
        "drwxr-xr-x. 2 root root   6 Jan 11 15:30 .",
        "drwxrwxrwt. 9 root root 213 Jan 14 10:15 ..",
        "+ echo hostname",
        "hostname",
        "+ hostname",
        "localhost.localdomain",
        "+ echo pwd",
        "pwd",
        "+ pwd",
        "/home",
        "+ ls -al",
        "total 0",
        "drwxr-xr-x.  3 root   root    20 Jan 11 13:14 .",
        "dr-xr-xr-x. 17 root   root   224 Sep 18  2021 ..",
        "drwx------.  3 hongqi hongqi 111 Jan 11 13:25 hongqi"
    ]
}
2023-01-25 11:58:08,472 p=1613 u=hongqizhang n=ansible | PLAY RECAP **********************************************************************************************************
2023-01-25 11:58:08,472 p=1613 u=hongqizhang n=ansible | 192.168.2.38               : ok=6    changed=2    unreachable=0    failed=0    skipped=0    rescued=0    ignored=0   
2023-01-25 11:59:17,847 p=1683 u=hongqizhang n=ansible | PLAY [Shell Examples] ***********************************************************************************************
2023-01-25 11:59:17,892 p=1683 u=hongqizhang n=ansible | TASK [Gathering Facts] **********************************************************************************************
2023-01-25 11:59:20,862 p=1683 u=hongqizhang n=ansible | ok: [192.168.2.38]
2023-01-25 11:59:20,901 p=1683 u=hongqizhang n=ansible | TASK [include_vars] *************************************************************************************************
2023-01-25 11:59:20,934 p=1683 u=hongqizhang n=ansible | ok: [192.168.2.38]
2023-01-25 11:59:20,952 p=1683 u=hongqizhang n=ansible | TASK [Execute the script] *******************************************************************************************
2023-01-25 11:59:22,381 p=1683 u=hongqizhang n=ansible | changed: [192.168.2.38]
2023-01-25 11:59:22,393 p=1683 u=hongqizhang n=ansible | TASK [debug] ********************************************************************************************************
2023-01-25 11:59:22,446 p=1683 u=hongqizhang n=ansible | ok: [192.168.2.38] => {
    "listfile.stdout_lines": [
        "Hello world , Hongqi"
    ]
}
2023-01-25 11:59:22,462 p=1683 u=hongqizhang n=ansible | TASK [Execute the script] *******************************************************************************************
2023-01-25 11:59:22,894 p=1683 u=hongqizhang n=ansible | changed: [192.168.2.38]
2023-01-25 11:59:22,905 p=1683 u=hongqizhang n=ansible | TASK [debug] ********************************************************************************************************
2023-01-25 11:59:22,948 p=1683 u=hongqizhang n=ansible | ok: [192.168.2.38] => {
    "listfile.stdout_lines": [
        "+ echo 'Hello '",
        "Hello ",
        "+ echo",
        "",
        "+ ls -al /tmp/runbash",
        "total 0",
        "drwxr-xr-x. 2 root root   6 Jan 11 15:30 .",
        "drwxrwxrwt. 9 root root 213 Jan 14 10:16 ..",
        "+ echo hostname",
        "hostname",
        "+ hostname",
        "localhost.localdomain",
        "+ echo pwd",
        "pwd",
        "+ pwd",
        "/home",
        "+ ls -al",
        "total 0",
        "drwxr-xr-x.  3 root   root    20 Jan 11 13:14 .",
        "dr-xr-xr-x. 17 root   root   224 Sep 18  2021 ..",
        "drwx------.  3 hongqi hongqi 111 Jan 11 13:25 hongqi"
    ]
}
2023-01-25 11:59:22,994 p=1683 u=hongqizhang n=ansible | PLAY RECAP **********************************************************************************************************
2023-01-25 11:59:22,994 p=1683 u=hongqizhang n=ansible | 192.168.2.38               : ok=6    changed=2    unreachable=0    failed=0    skipped=0    rescued=0    ignored=0   
2023-01-25 12:09:54,021 p=2032 u=hongqizhang n=ansible | PLAY [Shell Examples] ***********************************************************************************************
2023-01-25 12:09:54,044 p=2032 u=hongqizhang n=ansible | TASK [Gathering Facts] **********************************************************************************************
2023-01-25 12:09:59,111 p=2032 u=hongqizhang n=ansible | ok: [192.168.2.38]
2023-01-25 12:09:59,151 p=2032 u=hongqizhang n=ansible | TASK [include_vars] *************************************************************************************************
2023-01-25 12:09:59,208 p=2032 u=hongqizhang n=ansible | ok: [192.168.2.38]
2023-01-25 12:09:59,225 p=2032 u=hongqizhang n=ansible | TASK [Execute the script] *******************************************************************************************
2023-01-25 12:10:00,426 p=2032 u=hongqizhang n=ansible | changed: [192.168.2.38]
2023-01-25 12:10:00,444 p=2032 u=hongqizhang n=ansible | TASK [debug] ********************************************************************************************************
2023-01-25 12:10:00,505 p=2032 u=hongqizhang n=ansible | ok: [192.168.2.38] => {
    "listfile.stdout_lines": [
        "Hello world , Hongqi"
    ]
}
2023-01-25 12:10:00,520 p=2032 u=hongqizhang n=ansible | TASK [Execute local script in remote] *******************************************************************************
2023-01-25 12:10:01,031 p=2032 u=hongqizhang n=ansible | changed: [192.168.2.38]
2023-01-25 12:10:01,044 p=2032 u=hongqizhang n=ansible | TASK [debug] ********************************************************************************************************
2023-01-25 12:10:01,112 p=2032 u=hongqizhang n=ansible | ok: [192.168.2.38] => {
    "listfile.stdout_lines": [
        "+ echo 'Hello '",
        "Hello ",
        "+ echo",
        "",
        "+ ls -al /tmp/runbash",
        "total 0",
        "drwxr-xr-x. 2 root root   6 Jan 11 15:30 .",
        "drwxrwxrwt. 9 root root 213 Jan 14 10:28 ..",
        "+ echo hostname",
        "hostname",
        "+ hostname",
        "localhost.localdomain",
        "+ echo pwd",
        "pwd",
        "+ pwd",
        "/root",
        "+ ls -al",
        "total 88",
        "dr-xr-x---. 10 root root  4096 Jan 14 10:12 .",
        "dr-xr-xr-x. 17 root root   224 Sep 18  2021 ..",
        "-rw-------.  1 root root  1148 Sep 18  2021 anaconda-ks.cfg",
        "drwx------.  3 root root    17 Jan 11 13:45 .ansible",
        "-rw-------.  1 root root  6318 Jan 14 10:03 .bash_history",
        "-rw-r--r--.  1 root root    18 May 11  2019 .bash_logout",
        "-rw-r--r--.  1 root root   176 May 11  2019 .bash_profile",
        "-rw-r--r--.  1 root root   264 Jan  3 10:41 .bashrc",
        "-rw-r--r--.  1 root root   100 May 11  2019 .cshrc",
        "drwx------.  2 root root    25 Jan 13 15:45 .docker",
        "-rw-r--r--.  1 root root    71 Jan 12 20:46 .gitconfig",
        "-rw-r--r--.  1 root root  1680 Dec 31 19:35 id_rsa",
        "drwxr-xr-x.  6 root root    59 Jan  3 10:32 .krew",
        "drwxr-xr-x.  3 root root    33 Jan 13 20:51 .kube",
        "drwxr-xr-x.  2 root root     6 Sep 19  2021 loki",
        "drwxr-xr-x.  5 root root  4096 Sep 19  2021 lokideploy",
        "-rwxrwxrwx.  1 root root    12 Jan 11 15:29 mybash.sh",
        "-rw-r--r--.  1 root root    47 Jan 13 12:49 .rc",
        "drwxr-xr-x.  2 root root    80 Dec 31 19:38 .ssh",
        "-rw-r--r--.  1 root root   129 May 11  2019 .tcshrc",
        "-rw-r--r--.  1 root root    21 Jan 14 10:12 test",
        "-rwxrwxrwx.  1 root root   458 Jan 14 06:45 test.py",
        "-rwxrwxrwx.  1 root root    44 Jan 14 05:59 test.sh",
        "-rw-------.  1 root root 13252 Jan 14 10:12 .viminfo",
        "-rw-r--r--.  1 root root   165 Jan  3 10:27 .wget-hsts",
        "drwxr-xr-x.  4 root root   121 Jan 12 00:38 workspace"
    ]
}
2023-01-25 12:10:01,171 p=2032 u=hongqizhang n=ansible | PLAY RECAP **********************************************************************************************************
2023-01-25 12:10:01,172 p=2032 u=hongqizhang n=ansible | 192.168.2.38               : ok=6    changed=2    unreachable=0    failed=0    skipped=0    rescued=0    ignored=0   
2023-01-25 12:14:58,397 p=2206 u=hongqizhang n=ansible | PLAY [Shell Examples] ***********************************************************************************************
2023-01-25 12:14:58,419 p=2206 u=hongqizhang n=ansible | TASK [Gathering Facts] **********************************************************************************************
2023-01-25 12:15:03,446 p=2206 u=hongqizhang n=ansible | ok: [192.168.2.38]
2023-01-25 12:15:03,476 p=2206 u=hongqizhang n=ansible | TASK [include_vars] *************************************************************************************************
2023-01-25 12:15:03,518 p=2206 u=hongqizhang n=ansible | ok: [192.168.2.38]
2023-01-25 12:15:03,530 p=2206 u=hongqizhang n=ansible | TASK [Execute local script in remote] *******************************************************************************
2023-01-25 12:15:04,153 p=2206 u=hongqizhang n=ansible | changed: [192.168.2.38]
2023-01-25 12:15:04,170 p=2206 u=hongqizhang n=ansible | TASK [debug] ********************************************************************************************************
2023-01-25 12:15:04,223 p=2206 u=hongqizhang n=ansible | ok: [192.168.2.38] => {
    "listfile.stdout_lines": [
        "+ echo 'Hello '",
        "Hello ",
        "+ echo",
        "",
        "+ ls -al /tmp/runbash",
        "total 0",
        "drwxr-xr-x. 2 root root   6 Jan 11 15:30 .",
        "drwxrwxrwt. 9 root root 213 Jan 14 10:33 ..",
        "+ echo hostname",
        "hostname",
        "+ hostname",
        "localhost.localdomain",
        "+ echo pwd",
        "pwd",
        "+ pwd",
        "/root",
        "+ ls -al",
        "total 88",
        "dr-xr-x---. 10 root root  4096 Jan 14 10:12 .",
        "dr-xr-xr-x. 17 root root   224 Sep 18  2021 ..",
        "-rw-------.  1 root root  1148 Sep 18  2021 anaconda-ks.cfg",
        "drwx------.  3 root root    17 Jan 11 13:45 .ansible",
        "-rw-------.  1 root root  6318 Jan 14 10:03 .bash_history",
        "-rw-r--r--.  1 root root    18 May 11  2019 .bash_logout",
        "-rw-r--r--.  1 root root   176 May 11  2019 .bash_profile",
        "-rw-r--r--.  1 root root   264 Jan  3 10:41 .bashrc",
        "-rw-r--r--.  1 root root   100 May 11  2019 .cshrc",
        "drwx------.  2 root root    25 Jan 13 15:45 .docker",
        "-rw-r--r--.  1 root root    71 Jan 12 20:46 .gitconfig",
        "-rw-r--r--.  1 root root  1680 Dec 31 19:35 id_rsa",
        "drwxr-xr-x.  6 root root    59 Jan  3 10:32 .krew",
        "drwxr-xr-x.  3 root root    33 Jan 13 20:51 .kube",
        "drwxr-xr-x.  2 root root     6 Sep 19  2021 loki",
        "drwxr-xr-x.  5 root root  4096 Sep 19  2021 lokideploy",
        "-rwxrwxrwx.  1 root root    12 Jan 11 15:29 mybash.sh",
        "-rw-r--r--.  1 root root    47 Jan 13 12:49 .rc",
        "drwxr-xr-x.  2 root root    80 Dec 31 19:38 .ssh",
        "-rw-r--r--.  1 root root   129 May 11  2019 .tcshrc",
        "-rw-r--r--.  1 root root    21 Jan 14 10:12 test",
        "-rwxrwxrwx.  1 root root   458 Jan 14 06:45 test.py",
        "-rwxrwxrwx.  1 root root    44 Jan 14 05:59 test.sh",
        "-rw-------.  1 root root 13252 Jan 14 10:12 .viminfo",
        "-rw-r--r--.  1 root root   165 Jan  3 10:27 .wget-hsts",
        "drwxr-xr-x.  4 root root   121 Jan 12 00:38 workspace"
    ]
}
2023-01-25 12:15:04,235 p=2206 u=hongqizhang n=ansible | TASK [Execute command in remote] ************************************************************************************
2023-01-25 12:15:05,509 p=2206 u=hongqizhang n=ansible | changed: [192.168.2.38]
2023-01-25 12:15:05,521 p=2206 u=hongqizhang n=ansible | TASK [debug] ********************************************************************************************************
2023-01-25 12:15:05,565 p=2206 u=hongqizhang n=ansible | ok: [192.168.2.38] => {
    "listfile.stdout_lines": [
        "Hello world , Hongqi"
    ]
}
2023-01-25 12:15:05,581 p=2206 u=hongqizhang n=ansible | TASK [Execute the script] *******************************************************************************************
2023-01-25 12:15:06,624 p=2206 u=hongqizhang n=ansible | fatal: [192.168.2.38]: FAILED! => {"changed": true, "cmd": ["cp", "test", "/tmp", "&&", "cat", "/tmp/test"], "delta": "0:00:00.025257", "end": "2023-01-14 10:33:32.596948", "msg": "non-zero return code", "rc": 1, "start": "2023-01-14 10:33:32.571691", "stderr": "cp: target '/tmp/test' is not a directory", "stderr_lines": ["cp: target '/tmp/test' is not a directory"], "stdout": "", "stdout_lines": []}
2023-01-25 12:15:06,626 p=2206 u=hongqizhang n=ansible | PLAY RECAP **********************************************************************************************************
2023-01-25 12:15:06,629 p=2206 u=hongqizhang n=ansible | 192.168.2.38               : ok=6    changed=2    unreachable=0    failed=1    skipped=0    rescued=0    ignored=0   
2023-01-25 12:17:11,073 p=2298 u=hongqizhang n=ansible | PLAY [Shell Examples] ***********************************************************************************************
2023-01-25 12:17:11,096 p=2298 u=hongqizhang n=ansible | TASK [Gathering Facts] **********************************************************************************************
2023-01-25 12:17:14,669 p=2298 u=hongqizhang n=ansible | ok: [192.168.2.38]
2023-01-25 12:17:14,709 p=2298 u=hongqizhang n=ansible | TASK [include_vars] *************************************************************************************************
2023-01-25 12:17:14,744 p=2298 u=hongqizhang n=ansible | ok: [192.168.2.38]
2023-01-25 12:17:14,766 p=2298 u=hongqizhang n=ansible | TASK [Execute local script in remote] *******************************************************************************
2023-01-25 12:17:15,353 p=2298 u=hongqizhang n=ansible | changed: [192.168.2.38]
2023-01-25 12:17:15,364 p=2298 u=hongqizhang n=ansible | TASK [debug] ********************************************************************************************************
2023-01-25 12:17:15,421 p=2298 u=hongqizhang n=ansible | ok: [192.168.2.38] => {
    "listfile.stdout_lines": [
        "+ echo 'Hello '",
        "Hello ",
        "+ echo",
        "",
        "+ ls -al /tmp/runbash",
        "total 0",
        "drwxr-xr-x. 2 root root   6 Jan 11 15:30 .",
        "drwxrwxrwt. 9 root root 213 Jan 14 10:35 ..",
        "+ echo hostname",
        "hostname",
        "+ hostname",
        "localhost.localdomain",
        "+ echo pwd",
        "pwd",
        "+ pwd",
        "/root",
        "+ ls -al",
        "total 88",
        "dr-xr-x---. 10 root root  4096 Jan 14 10:12 .",
        "dr-xr-xr-x. 17 root root   224 Sep 18  2021 ..",
        "-rw-------.  1 root root  1148 Sep 18  2021 anaconda-ks.cfg",
        "drwx------.  3 root root    17 Jan 11 13:45 .ansible",
        "-rw-------.  1 root root  6318 Jan 14 10:03 .bash_history",
        "-rw-r--r--.  1 root root    18 May 11  2019 .bash_logout",
        "-rw-r--r--.  1 root root   176 May 11  2019 .bash_profile",
        "-rw-r--r--.  1 root root   264 Jan  3 10:41 .bashrc",
        "-rw-r--r--.  1 root root   100 May 11  2019 .cshrc",
        "drwx------.  2 root root    25 Jan 13 15:45 .docker",
        "-rw-r--r--.  1 root root    71 Jan 12 20:46 .gitconfig",
        "-rw-r--r--.  1 root root  1680 Dec 31 19:35 id_rsa",
        "drwxr-xr-x.  6 root root    59 Jan  3 10:32 .krew",
        "drwxr-xr-x.  3 root root    33 Jan 13 20:51 .kube",
        "drwxr-xr-x.  2 root root     6 Sep 19  2021 loki",
        "drwxr-xr-x.  5 root root  4096 Sep 19  2021 lokideploy",
        "-rwxrwxrwx.  1 root root    12 Jan 11 15:29 mybash.sh",
        "-rw-r--r--.  1 root root    47 Jan 13 12:49 .rc",
        "drwxr-xr-x.  2 root root    80 Dec 31 19:38 .ssh",
        "-rw-r--r--.  1 root root   129 May 11  2019 .tcshrc",
        "-rw-r--r--.  1 root root    21 Jan 14 10:12 test",
        "-rwxrwxrwx.  1 root root   458 Jan 14 06:45 test.py",
        "-rwxrwxrwx.  1 root root    44 Jan 14 05:59 test.sh",
        "-rw-------.  1 root root 13252 Jan 14 10:12 .viminfo",
        "-rw-r--r--.  1 root root   165 Jan  3 10:27 .wget-hsts",
        "drwxr-xr-x.  4 root root   121 Jan 12 00:38 workspace"
    ]
}
2023-01-25 12:17:15,432 p=2298 u=hongqizhang n=ansible | TASK [Execute command in remote] ************************************************************************************
2023-01-25 12:17:16,652 p=2298 u=hongqizhang n=ansible | changed: [192.168.2.38]
2023-01-25 12:17:16,664 p=2298 u=hongqizhang n=ansible | TASK [debug] ********************************************************************************************************
2023-01-25 12:17:16,719 p=2298 u=hongqizhang n=ansible | ok: [192.168.2.38] => {
    "listfile.stdout_lines": [
        "Hello world , Hongqi"
    ]
}
2023-01-25 12:17:16,731 p=2298 u=hongqizhang n=ansible | TASK [Execute the script] *******************************************************************************************
2023-01-25 12:17:17,698 p=2298 u=hongqizhang n=ansible | changed: [192.168.2.38]
2023-01-25 12:17:17,713 p=2298 u=hongqizhang n=ansible | TASK [debug] ********************************************************************************************************
2023-01-25 12:17:17,765 p=2298 u=hongqizhang n=ansible | ok: [192.168.2.38] => {
    "listfile.stdout_lines": [
        "Hello world , Hongqi"
    ]
}
2023-01-25 12:17:17,837 p=2298 u=hongqizhang n=ansible | PLAY RECAP **********************************************************************************************************
2023-01-25 12:17:17,837 p=2298 u=hongqizhang n=ansible | 192.168.2.38               : ok=8    changed=3    unreachable=0    failed=0    skipped=0    rescued=0    ignored=0   
